<?xml version="1.0" encoding="UTF-8"?>
<!-- Generated by org.testng.reporters.JUnitReportReporter -->
<testsuite skipped="0" hostname="edu1-PC" name="Automation.Maven.FileUploadTest" tests="1" failures="0" timestamp="26 Jun 2018 09:14:22 GMT" time="0.297" errors="0">
  <testcase name="upload" time="0.297" classname="Automation.Maven.FileUploadTest"/>
</testsuite> <!-- Automation.Maven.FileUploadTest -->
